# JRE version: OpenJDK Runtime Environment Temurin-21.0.10+7 (21.0.10+7) (build 21.0.10+7-LTS)
# Java VM: OpenJDK 64-Bit Server VM Temurin-21.0.10+7 (21.0.10+7-LTS, mixed mode, sharing, tiered, compressed oops, compressed class ptrs, parallel gc, windows-amd64)
GC Precious Log:
 CardTable entry size: 512
 CPUs: 16 total, 16 available
 Memory: 7501M
 Large Page Support: Disabled
 NUMA Support: Disabled
 Compressed Oops: Enabled (32-bit)
 Alignments: Space 512K, Generation 512K, Heap 2M
 Heap Min Capacity: 100M
 Heap Initial Capacity: 100M
 Heap Max Capacity: 2G
 Pre-touch: Disabled
 Parallel Workers: 13
Heap:
 PSYoungGen      total 18944K, used 10836K [0x00000000d5580000, 0x00000000d6a00000, 0x0000000100000000)
  eden space 17920K, 55% used [0x00000000d5580000,0x00000000d5f21318,0x00000000d6700000)
  from space 1024K, 95% used [0x00000000d6900000,0x00000000d69f4010,0x00000000d6a00000)
  to   space 1536K, 0% used [0x00000000d6700000,0x00000000d6700000,0x00000000d6880000)
 ParOldGen       total 68608K, used 42994K [0x0000000080000000, 0x0000000084300000, 0x00000000d5580000)
  object space 68608K, 62% used [0x0000000080000000,0x00000000829fca88,0x0000000084300000)
 Metaspace       used 61363K, committed 62848K, reserved 1114112K
  class space    used 6522K, committed 7168K, reserved 1048576K
GC Heap History (20 events):
Event: 15.748 GC heap before
{Heap before GC invocations=30 (full 2):
 PSYoungGen      total 18432K, used 18330K [0x00000000d5580000, 0x00000000d6d00000, 0x0000000100000000)
  eden space 17920K, 99% used [0x00000000d5580000,0x00000000d66f6838,0x00000000d6700000)
  from space 512K, 87% used [0x00000000d6700000,0x00000000d6770000,0x00000000d6780000)
  to   space 2560K, 0% used [0x00000000d6a80000,0x00000000d6a80000,0x00000000d6d00000)
 ParOldGen       total 68608K, used 40750K [0x0000000080000000, 0x0000000084300000, 0x00000000d5580000)
  object space 68608K, 59% used [0x0000000080000000,0x00000000827cb9e8,0x0000000084300000)
 Metaspace       used 51503K, committed 52672K, reserved 1114112K
  class space    used 5567K, committed 6080K, reserved 1048576K
}
Event: 15.750 GC heap after
{Heap after GC invocations=30 (full 2):
 PSYoungGen      total 19456K, used 1220K [0x00000000d5580000, 0x00000000d6c00000, 0x0000000100000000)
  eden space 17920K, 0% used [0x00000000d5580000,0x00000000d5580000,0x00000000d6700000)
  from space 1536K, 79% used [0x00000000d6a80000,0x00000000d6bb1300,0x00000000d6c00000)
  to   space 1536K, 0% used [0x00000000d6900000,0x00000000d6900000,0x00000000d6a80000)
 ParOldGen       total 68608K, used 41014K [0x0000000080000000, 0x0000000084300000, 0x00000000d5580000)
  object space 68608K, 59% used [0x0000000080000000,0x000000008280d9e8,0x0000000084300000)
 Metaspace       used 51503K, committed 52672K, reserved 1114112K
  class space    used 5567K, committed 6080K, reserved 1048576K
}
Event: 15.843 GC heap before
{Heap before GC invocations=31 (full 2):
 PSYoungGen      total 19456K, used 19079K [0x00000000d5580000, 0x00000000d6c00000, 0x0000000100000000)
  eden space 17920K, 99% used [0x00000000d5580000,0x00000000d66f0960,0x00000000d6700000)
  from space 1536K, 79% used [0x00000000d6a80000,0x00000000d6bb1300,0x00000000d6c00000)
  to   space 1536K, 0% used [0x00000000d6900000,0x00000000d6900000,0x00000000d6a80000)
 ParOldGen       total 68608K, used 41014K [0x0000000080000000, 0x0000000084300000, 0x00000000d5580000)
  object space 68608K, 59% used [0x0000000080000000,0x000000008280d9e8,0x0000000084300000)
 Metaspace       used 51525K, committed 52672K, reserved 1114112K
  class space    used 5567K, committed 6080K, reserved 1048576K
}
Event: 15.845 GC heap after
{Heap after GC invocations=31 (full 2):
 PSYoungGen      total 19456K, used 1419K [0x00000000d5580000, 0x00000000d6b00000, 0x0000000100000000)
  eden space 17920K, 0% used [0x00000000d5580000,0x00000000d5580000,0x00000000d6700000)
  from space 1536K, 92% used [0x00000000d6900000,0x00000000d6a62ce8,0x00000000d6a80000)
  to   space 512K, 0% used [0x00000000d6a80000,0x00000000d6a80000,0x00000000d6b00000)
 ParOldGen       total 68608K, used 41754K [0x0000000080000000, 0x0000000084300000, 0x00000000d5580000)
  object space 68608K, 60% used [0x0000000080000000,0x00000000828c6b60,0x0000000084300000)
 Metaspace       used 51525K, committed 52672K, reserved 1114112K
  class space    used 5567K, committed 6080K, reserved 1048576K
}
Event: 16.150 GC heap before
{Heap before GC invocations=32 (full 2):
 PSYoungGen      total 19456K, used 19337K [0x00000000d5580000, 0x00000000d6b00000, 0x0000000100000000)
  eden space 17920K, 99% used [0x00000000d5580000,0x00000000d66ff820,0x00000000d6700000)
  from space 1536K, 92% used [0x00000000d6900000,0x00000000d6a62ce8,0x00000000d6a80000)
  to   space 512K, 0% used [0x00000000d6a80000,0x00000000d6a80000,0x00000000d6b00000)
 ParOldGen       total 68608K, used 41754K [0x0000000080000000, 0x0000000084300000, 0x00000000d5580000)
  object space 68608K, 60% used [0x0000000080000000,0x00000000828c6b60,0x0000000084300000)
 Metaspace       used 53008K, committed 54208K, reserved 1114112K
  class space    used 5714K, committed 6272K, reserved 1048576K
}
Event: 16.152 GC heap after
{Heap after GC invocations=32 (full 2):
 PSYoungGen      total 18432K, used 432K [0x00000000d5580000, 0x00000000d6b00000, 0x0000000100000000)
  eden space 17920K, 0% used [0x00000000d5580000,0x00000000d5580000,0x00000000d6700000)
  from space 512K, 84% used [0x00000000d6a80000,0x00000000d6aec010,0x00000000d6b00000)
  to   space 1024K, 0% used [0x00000000d6900000,0x00000000d6900000,0x00000000d6a00000)
 ParOldGen       total 68608K, used 41810K [0x0000000080000000, 0x0000000084300000, 0x00000000d5580000)
  object space 68608K, 60% used [0x0000000080000000,0x00000000828d4b60,0x0000000084300000)
 Metaspace       used 53008K, committed 54208K, reserved 1114112K
  class space    used 5714K, committed 6272K, reserved 1048576K
}
Event: 16.547 GC heap before
{Heap before GC invocations=33 (full 2):
 PSYoungGen      total 18432K, used 18344K [0x00000000d5580000, 0x00000000d6b00000, 0x0000000100000000)
  eden space 17920K, 99% used [0x00000000d5580000,0x00000000d66fdff0,0x00000000d6700000)
  from space 512K, 84% used [0x00000000d6a80000,0x00000000d6aec010,0x00000000d6b00000)
  to   space 1024K, 0% used [0x00000000d6900000,0x00000000d6900000,0x00000000d6a00000)
 ParOldGen       total 68608K, used 41810K [0x0000000080000000, 0x0000000084300000, 0x00000000d5580000)
  object space 68608K, 60% used [0x0000000080000000,0x00000000828d4b60,0x0000000084300000)
 Metaspace       used 54714K, committed 56064K, reserved 1114112K
  class space    used 5924K, committed 6528K, reserved 1048576K
}
Event: 16.551 GC heap after
{Heap after GC invocations=33 (full 2):
 PSYoungGen      total 18944K, used 800K [0x00000000d5580000, 0x00000000d6b00000, 0x0000000100000000)
  eden space 17920K, 0% used [0x00000000d5580000,0x00000000d5580000,0x00000000d6700000)
  from space 1024K, 78% used [0x00000000d6900000,0x00000000d69c8348,0x00000000d6a00000)
  to   space 1024K, 0% used [0x00000000d6a00000,0x00000000d6a00000,0x00000000d6b00000)
 ParOldGen       total 68608K, used 42010K [0x0000000080000000, 0x0000000084300000, 0x00000000d5580000)
  object space 68608K, 61% used [0x0000000080000000,0x0000000082906b70,0x0000000084300000)
 Metaspace       used 54714K, committed 56064K, reserved 1114112K
  class space    used 5924K, committed 6528K, reserved 1048576K
}
Event: 16.955 GC heap before
{Heap before GC invocations=34 (full 2):
 PSYoungGen      total 18944K, used 18719K [0x00000000d5580000, 0x00000000d6b00000, 0x0000000100000000)
  eden space 17920K, 99% used [0x00000000d5580000,0x00000000d66ff940,0x00000000d6700000)
  from space 1024K, 78% used [0x00000000d6900000,0x00000000d69c8348,0x00000000d6a00000)
  to   space 1024K, 0% used [0x00000000d6a00000,0x00000000d6a00000,0x00000000d6b00000)
 ParOldGen       total 68608K, used 42010K [0x0000000080000000, 0x0000000084300000, 0x00000000d5580000)
  object space 68608K, 61% used [0x0000000080000000,0x0000000082906b70,0x0000000084300000)
 Metaspace       used 56632K, committed 58048K, reserved 1114112K
  class space    used 6098K, committed 6720K, reserved 1048576K
}
Event: 16.957 GC heap after
{Heap after GC invocations=34 (full 2):
 PSYoungGen      total 18944K, used 1023K [0x00000000d5580000, 0x00000000d6b00000, 0x0000000100000000)
  eden space 17920K, 0% used [0x00000000d5580000,0x00000000d5580000,0x00000000d6700000)
  from space 1024K, 99% used [0x00000000d6a00000,0x00000000d6affc78,0x00000000d6b00000)
  to   space 2048K, 0% used [0x00000000d6700000,0x00000000d6700000,0x00000000d6900000)
 ParOldGen       total 68608K, used 42818K [0x0000000080000000, 0x0000000084300000, 0x00000000d5580000)
  object space 68608K, 62% used [0x0000000080000000,0x00000000829d0b60,0x0000000084300000)
 Metaspace       used 56632K, committed 58048K, reserved 1114112K
  class space    used 6098K, committed 6720K, reserved 1048576K
}
Event: 17.324 GC heap before
{Heap before GC invocations=35 (full 2):
 PSYoungGen      total 18944K, used 17967K [0x00000000d5580000, 0x00000000d6b00000, 0x0000000100000000)
  eden space 17920K, 94% used [0x00000000d5580000,0x00000000d660c358,0x00000000d6700000)
  from space 1024K, 99% used [0x00000000d6a00000,0x00000000d6affc78,0x00000000d6b00000)
  to   space 2048K, 0% used [0x00000000d6700000,0x00000000d6700000,0x00000000d6900000)
 ParOldGen       total 68608K, used 42818K [0x0000000080000000, 0x0000000084300000, 0x00000000d5580000)
  object space 68608K, 62% used [0x0000000080000000,0x00000000829d0b60,0x0000000084300000)
 Metaspace       used 58442K, committed 59840K, reserved 1114112K
  class space    used 6287K, committed 6912K, reserved 1048576K
}
Event: 17.326 GC heap after
{Heap after GC invocations=35 (full 2):
 PSYoungGen      total 19968K, used 1065K [0x00000000d5580000, 0x00000000d6a80000, 0x0000000100000000)
  eden space 17920K, 0% used [0x00000000d5580000,0x00000000d5580000,0x00000000d6700000)
  from space 2048K, 52% used [0x00000000d6700000,0x00000000d680a690,0x00000000d6900000)
  to   space 1536K, 0% used [0x00000000d6900000,0x00000000d6900000,0x00000000d6a80000)
 ParOldGen       total 68608K, used 43710K [0x0000000080000000, 0x0000000084300000, 0x00000000d5580000)
  object space 68608K, 63% used [0x0000000080000000,0x0000000082aafb30,0x0000000084300000)
 Metaspace       used 58442K, committed 59840K, reserved 1114112K
  class space    used 6287K, committed 6912K, reserved 1048576K
}
Event: 17.359 GC heap before
{Heap before GC invocations=36 (full 2):
 PSYoungGen      total 19968K, used 3917K [0x00000000d5580000, 0x00000000d6a80000, 0x0000000100000000)
  eden space 17920K, 15% used [0x00000000d5580000,0x00000000d5848ed0,0x00000000d6700000)
  from space 2048K, 52% used [0x00000000d6700000,0x00000000d680a690,0x00000000d6900000)
  to   space 1536K, 0% used [0x00000000d6900000,0x00000000d6900000,0x00000000d6a80000)
 ParOldGen       total 68608K, used 43710K [0x0000000080000000, 0x0000000084300000, 0x00000000d5580000)
  object space 68608K, 63% used [0x0000000080000000,0x0000000082aafb30,0x0000000084300000)
 Metaspace       used 58734K, committed 60096K, reserved 1114112K
  class space    used 6310K, committed 6912K, reserved 1048576K
}
Event: 17.361 GC heap after
{Heap after GC invocations=36 (full 2):
 PSYoungGen      total 18944K, used 516K [0x00000000d5580000, 0x00000000d6a00000, 0x0000000100000000)
  eden space 17920K, 0% used [0x00000000d5580000,0x00000000d5580000,0x00000000d6700000)
  from space 1024K, 50% used [0x00000000d6900000,0x00000000d69813a8,0x00000000d6a00000)
  to   space 1024K, 0% used [0x00000000d6800000,0x00000000d6800000,0x00000000d6900000)
 ParOldGen       total 68608K, used 44536K [0x0000000080000000, 0x0000000084300000, 0x00000000d5580000)
  object space 68608K, 64% used [0x0000000080000000,0x0000000082b7e1b8,0x0000000084300000)
 Metaspace       used 58734K, committed 60096K, reserved 1114112K
  class space    used 6310K, committed 6912K, reserved 1048576K
}
Event: 17.361 GC heap before
{Heap before GC invocations=37 (full 3):
 PSYoungGen      total 18944K, used 516K [0x00000000d5580000, 0x00000000d6a00000, 0x0000000100000000)
  eden space 17920K, 0% used [0x00000000d5580000,0x00000000d5580000,0x00000000d6700000)
  from space 1024K, 50% used [0x00000000d6900000,0x00000000d69813a8,0x00000000d6a00000)
  to   space 1024K, 0% used [0x00000000d6800000,0x00000000d6800000,0x00000000d6900000)
 ParOldGen       total 68608K, used 44536K [0x0000000080000000, 0x0000000084300000, 0x00000000d5580000)
  object space 68608K, 64% used [0x0000000080000000,0x0000000082b7e1b8,0x0000000084300000)
 Metaspace       used 58734K, committed 60096K, reserved 1114112K
  class space    used 6310K, committed 6912K, reserved 1048576K
}
Event: 17.479 GC heap after
{Heap after GC invocations=37 (full 3):
 PSYoungGen      total 18944K, used 0K [0x00000000d5580000, 0x00000000d6a00000, 0x0000000100000000)
  eden space 17920K, 0% used [0x00000000d5580000,0x00000000d5580000,0x00000000d6700000)
  from space 1024K, 0% used [0x00000000d6900000,0x00000000d6900000,0x00000000d6a00000)
  to   space 1024K, 0% used [0x00000000d6800000,0x00000000d6800000,0x00000000d6900000)
 ParOldGen       total 68608K, used 41469K [0x0000000080000000, 0x0000000084300000, 0x00000000d5580000)
  object space 68608K, 60% used [0x0000000080000000,0x000000008287f6d0,0x0000000084300000)
 Metaspace       used 58726K, committed 60096K, reserved 1114112K
  class space    used 6307K, committed 6912K, reserved 1048576K
}
Event: 17.817 GC heap before
{Heap before GC invocations=38 (full 3):
 PSYoungGen      total 18944K, used 17920K [0x00000000d5580000, 0x00000000d6a00000, 0x0000000100000000)
  eden space 17920K, 100% used [0x00000000d5580000,0x00000000d6700000,0x00000000d6700000)
  from space 1024K, 0% used [0x00000000d6900000,0x00000000d6900000,0x00000000d6a00000)
  to   space 1024K, 0% used [0x00000000d6800000,0x00000000d6800000,0x00000000d6900000)
 ParOldGen       total 68608K, used 41469K [0x0000000080000000, 0x0000000084300000, 0x00000000d5580000)
  object space 68608K, 60% used [0x0000000080000000,0x000000008287f6d0,0x0000000084300000)
 Metaspace       used 59955K, committed 61376K, reserved 1114112K
  class space    used 6407K, committed 7040K, reserved 1048576K
}
Event: 17.820 GC heap after
{Heap after GC invocations=38 (full 3):
 PSYoungGen      total 18944K, used 1002K [0x00000000d5580000, 0x00000000d6b00000, 0x0000000100000000)
  eden space 17920K, 0% used [0x00000000d5580000,0x00000000d5580000,0x00000000d6700000)
  from space 1024K, 97% used [0x00000000d6800000,0x00000000d68fab00,0x00000000d6900000)
  to   space 2048K, 0% used [0x00000000d6900000,0x00000000d6900000,0x00000000d6b00000)
 ParOldGen       total 68608K, used 41984K [0x0000000080000000, 0x0000000084300000, 0x00000000d5580000)
  object space 68608K, 61% used [0x0000000080000000,0x0000000082900078,0x0000000084300000)
 Metaspace       used 59955K, committed 61376K, reserved 1114112K
  class space    used 6407K, committed 7040K, reserved 1048576K
}
Event: 27.434 GC heap before
{Heap before GC invocations=39 (full 3):
 PSYoungGen      total 18944K, used 18922K [0x00000000d5580000, 0x00000000d6b00000, 0x0000000100000000)
  eden space 17920K, 100% used [0x00000000d5580000,0x00000000d6700000,0x00000000d6700000)
  from space 1024K, 97% used [0x00000000d6800000,0x00000000d68fab00,0x00000000d6900000)
  to   space 2048K, 0% used [0x00000000d6900000,0x00000000d6900000,0x00000000d6b00000)
 ParOldGen       total 68608K, used 41984K [0x0000000080000000, 0x0000000084300000, 0x00000000d5580000)
  object space 68608K, 61% used [0x0000000080000000,0x0000000082900078,0x0000000084300000)
 Metaspace       used 61039K, committed 62464K, reserved 1114112K
  class space    used 6507K, committed 7168K, reserved 1048576K
}
Event: 27.437 GC heap after
{Heap after GC invocations=39 (full 3):
 PSYoungGen      total 18944K, used 976K [0x00000000d5580000, 0x00000000d6a00000, 0x0000000100000000)
  eden space 17920K, 0% used [0x00000000d5580000,0x00000000d5580000,0x00000000d6700000)
  from space 1024K, 95% used [0x00000000d6900000,0x00000000d69f4010,0x00000000d6a00000)
  to   space 1536K, 0% used [0x00000000d6700000,0x00000000d6700000,0x00000000d6880000)
 ParOldGen       total 68608K, used 42994K [0x0000000080000000, 0x0000000084300000, 0x00000000d5580000)
  object space 68608K, 62% used [0x0000000080000000,0x00000000829fca88,0x0000000084300000)
 Metaspace       used 61039K, committed 62464K, reserved 1114112K
  class space    used 6507K, committed 7168K, reserved 1048576K
}

